13:41:35.687 [main] INFO  testCases.TC_001_AccountRegistrationTest - ***  Starting TC_001_AccountRegistrationTest ***
13:41:35.798 [main] INFO  testCases.TC_001_AccountRegistrationTest - Clicked on My account link
13:41:36.233 [main] INFO  testCases.TC_001_AccountRegistrationTest - Clicked on register link
13:41:36.238 [main] INFO  testCases.TC_001_AccountRegistrationTest - Providing customer data
13:41:37.106 [main] INFO  testCases.TC_001_AccountRegistrationTest - Clicked on continue
13:41:47.175 [main] INFO  testCases.TC_001_AccountRegistrationTest - Validating expected message
13:58:06.649 [main] INFO  testCases.TC_001_AccountRegistrationTest - ***  Starting TC_001_AccountRegistrationTest ***
13:58:06.745 [main] INFO  testCases.TC_001_AccountRegistrationTest - Clicked on My account link
13:58:07.148 [main] INFO  testCases.TC_001_AccountRegistrationTest - Clicked on register link
13:58:07.153 [main] INFO  testCases.TC_001_AccountRegistrationTest - Providing customer data
13:58:08.017 [main] INFO  testCases.TC_001_AccountRegistrationTest - Clicked on continue
13:58:18.034 [main] INFO  testCases.TC_001_AccountRegistrationTest - Validating expected message
14:12:43.088 [TestNG-tests-1] INFO  testCases.TC_001_AccountRegistrationTest - ***  Starting TC_001_AccountRegistrationTest ***
14:12:43.172 [TestNG-tests-1] INFO  testCases.TC_001_AccountRegistrationTest - Clicked on My account link
14:12:43.870 [TestNG-tests-1] INFO  testCases.TC_001_AccountRegistrationTest - Clicked on register link
14:12:43.878 [TestNG-tests-1] INFO  testCases.TC_001_AccountRegistrationTest - Providing customer data
14:12:44.004 [TestNG-tests-2] INFO  testCases.TC_001_AccountRegistrationTest - ***  Starting TC_001_AccountRegistrationTest ***
14:12:44.132 [TestNG-tests-2] INFO  testCases.TC_001_AccountRegistrationTest - Clicked on My account link
14:12:44.770 [TestNG-tests-2] INFO  testCases.TC_001_AccountRegistrationTest - Clicked on register link
14:12:44.771 [TestNG-tests-2] INFO  testCases.TC_001_AccountRegistrationTest - Providing customer data
14:12:44.920 [TestNG-tests-1] INFO  testCases.TC_001_AccountRegistrationTest - Clicked on continue
14:12:45.680 [TestNG-tests-2] INFO  testCases.TC_001_AccountRegistrationTest - Clicked on continue
14:12:54.968 [TestNG-tests-1] INFO  testCases.TC_001_AccountRegistrationTest - Validating expected message
14:12:55.723 [TestNG-tests-2] INFO  testCases.TC_001_AccountRegistrationTest - Validating expected message
14:26:19.639 [main] INFO  testCases.TC_001_AccountRegistrationTest - ***  Starting TC_001_AccountRegistrationTest ***
14:26:19.724 [main] INFO  testCases.TC_001_AccountRegistrationTest - Clicked on My account link
14:26:20.156 [main] INFO  testCases.TC_001_AccountRegistrationTest - Clicked on register link
14:26:20.159 [main] INFO  testCases.TC_001_AccountRegistrationTest - Providing customer data
14:26:21.047 [main] INFO  testCases.TC_001_AccountRegistrationTest - Clicked on continue
14:26:31.084 [main] INFO  testCases.TC_001_AccountRegistrationTest - Validating expected message
14:29:58.066 [main] INFO  testCases.TC_001_AccountRegistrationTest - ***  Starting TC_001_AccountRegistrationTest ***
14:29:58.144 [main] INFO  testCases.TC_001_AccountRegistrationTest - Clicked on My account link
14:29:58.881 [main] INFO  testCases.TC_001_AccountRegistrationTest - Clicked on register link
14:29:58.884 [main] INFO  testCases.TC_001_AccountRegistrationTest - Providing customer data
14:29:59.740 [main] INFO  testCases.TC_001_AccountRegistrationTest - Clicked on continue
14:30:09.804 [main] INFO  testCases.TC_001_AccountRegistrationTest - Validating expected message
14:39:40.044 [main] INFO  testCases.TC_001_AccountRegistrationTest - ***  Starting TC_001_AccountRegistrationTest ***
14:39:40.148 [main] INFO  testCases.TC_001_AccountRegistrationTest - Clicked on My account link
14:39:40.819 [main] INFO  testCases.TC_001_AccountRegistrationTest - Clicked on register link
14:39:40.822 [main] INFO  testCases.TC_001_AccountRegistrationTest - Providing customer data
14:39:41.711 [main] INFO  testCases.TC_001_AccountRegistrationTest - Clicked on continue
14:39:51.778 [main] INFO  testCases.TC_001_AccountRegistrationTest - Validating expected message
14:42:20.109 [main] INFO  testCases.TC_001_AccountRegistrationTest - ***  Starting TC_001_AccountRegistrationTest ***
14:42:20.200 [main] INFO  testCases.TC_001_AccountRegistrationTest - Clicked on My account link
14:42:20.647 [main] INFO  testCases.TC_001_AccountRegistrationTest - Clicked on register link
14:42:20.650 [main] INFO  testCases.TC_001_AccountRegistrationTest - Providing customer data
14:42:21.543 [main] INFO  testCases.TC_001_AccountRegistrationTest - Clicked on continue
14:42:31.598 [main] INFO  testCases.TC_001_AccountRegistrationTest - Validating expected message
14:55:18.323 [main] INFO  testCases.TC_001_AccountRegistrationTest - ***  Starting TC_001_AccountRegistrationTest ***
14:55:18.478 [main] INFO  testCases.TC_001_AccountRegistrationTest - Clicked on My account link
14:55:18.961 [main] INFO  testCases.TC_001_AccountRegistrationTest - Clicked on register link
14:55:18.965 [main] INFO  testCases.TC_001_AccountRegistrationTest - Providing customer data
14:55:19.951 [main] INFO  testCases.TC_001_AccountRegistrationTest - Clicked on continue
14:55:29.991 [main] INFO  testCases.TC_001_AccountRegistrationTest - Validating expected message
19:12:37.373 [main] INFO  testCases.TC_002_LoginTest - Starting TC_002_LoginTest
19:15:30.606 [main] INFO  testCases.TC_002_LoginTest - Starting TC_002_LoginTest
19:15:31.160 [main] INFO  testCases.TC_002_LoginTest - Set Password
19:15:31.207 [main] INFO  testCases.TC_002_LoginTest - Clicked on Login Button
19:06:10.252 [main] INFO  testCases.TC_002_LoginTest - Starting TC_002_LoginTest
19:06:10.871 [main] INFO  testCases.TC_002_LoginTest - Set Password
19:06:10.922 [main] INFO  testCases.TC_002_LoginTest - Clicked on Login Button
19:06:49.675 [main] INFO  testCases.TC_001_AccountRegistrationTest - ***  Starting TC_001_AccountRegistrationTest ***
19:06:49.778 [main] INFO  testCases.TC_001_AccountRegistrationTest - Clicked on My account link
19:06:50.441 [main] INFO  testCases.TC_001_AccountRegistrationTest - Clicked on register link
19:06:50.443 [main] INFO  testCases.TC_001_AccountRegistrationTest - Providing customer data
19:06:51.314 [main] INFO  testCases.TC_001_AccountRegistrationTest - Clicked on continue
19:07:01.398 [main] INFO  testCases.TC_001_AccountRegistrationTest - Validating expected message
19:07:04.558 [main] INFO  testCases.TC_002_LoginTest - Starting TC_002_LoginTest
19:07:05.077 [main] INFO  testCases.TC_002_LoginTest - Set Password
19:07:05.121 [main] INFO  testCases.TC_002_LoginTest - Clicked on Login Button
19:17:47.201 [main] INFO  testCases.TC_002_LoginTest - Starting TC_002_LoginTest
19:17:48.138 [main] INFO  testCases.TC_002_LoginTest - Set Password
19:17:48.229 [main] INFO  testCases.TC_002_LoginTest - Clicked on Login Button
19:18:27.214 [main] INFO  testCases.TC_002_LoginTest - Starting TC_002_LoginTest
19:18:27.981 [main] INFO  testCases.TC_002_LoginTest - Set Password
19:18:28.112 [main] INFO  testCases.TC_002_LoginTest - Clicked on Login Button
19:25:23.023 [main] INFO  testCases.TC_002_LoginTest - Starting TC_002_LoginTest
19:25:23.848 [main] INFO  testCases.TC_002_LoginTest - Set Password
19:25:23.927 [main] INFO  testCases.TC_002_LoginTest - Clicked on Login Button
19:31:41.243 [main] INFO  testCases.TC_002_LoginTest - Starting TC_002_LoginTest
19:31:43.556 [main] INFO  testCases.TC_002_LoginTest - Set Password
19:31:43.682 [main] INFO  testCases.TC_002_LoginTest - Clicked on Login Button
19:33:07.277 [main] INFO  testCases.TC_001_AccountRegistrationTest - ***  Starting TC_001_AccountRegistrationTest ***
19:33:07.449 [main] INFO  testCases.TC_001_AccountRegistrationTest - Clicked on My account link
19:33:08.190 [main] INFO  testCases.TC_001_AccountRegistrationTest - Clicked on register link
19:33:08.194 [main] INFO  testCases.TC_001_AccountRegistrationTest - Providing customer data
19:33:09.439 [main] INFO  testCases.TC_001_AccountRegistrationTest - Clicked on continue
19:33:19.516 [main] INFO  testCases.TC_001_AccountRegistrationTest - Validating expected message
19:33:23.557 [main] INFO  testCases.TC_002_LoginTest - Starting TC_002_LoginTest
19:33:24.291 [main] INFO  testCases.TC_002_LoginTest - Set Password
19:33:24.425 [main] INFO  testCases.TC_002_LoginTest - Clicked on Login Button
10:10:33.975 [main] INFO  testCases.TC_001_AccountRegistrationTest - ***  Starting TC_001_AccountRegistrationTest ***
10:10:34.209 [main] INFO  testCases.TC_001_AccountRegistrationTest - Clicked on My account link
10:10:34.710 [main] INFO  testCases.TC_001_AccountRegistrationTest - Clicked on register link
10:10:34.725 [main] INFO  testCases.TC_001_AccountRegistrationTest - Providing customer data
10:10:36.121 [main] INFO  testCases.TC_001_AccountRegistrationTest - Clicked on continue
10:10:46.235 [main] INFO  testCases.TC_001_AccountRegistrationTest - Validating expected message
10:10:51.591 [main] INFO  testCases.TC_002_LoginTest - Starting TC_002_LoginTest
10:10:52.410 [main] INFO  testCases.TC_002_LoginTest - Set Password
10:10:52.488 [main] INFO  testCases.TC_002_LoginTest - Clicked on Login Button
10:13:25.602 [main] INFO  testCases.TC_001_AccountRegistrationTest - ***  Starting TC_001_AccountRegistrationTest ***
10:13:25.815 [main] INFO  testCases.TC_001_AccountRegistrationTest - Clicked on My account link
10:13:26.527 [main] INFO  testCases.TC_001_AccountRegistrationTest - Clicked on register link
10:13:26.531 [main] INFO  testCases.TC_001_AccountRegistrationTest - Providing customer data
10:13:27.864 [main] INFO  testCases.TC_001_AccountRegistrationTest - Clicked on continue
10:13:37.898 [main] INFO  testCases.TC_001_AccountRegistrationTest - Validating expected message
10:13:42.681 [main] INFO  testCases.TC_002_LoginTest - Starting TC_002_LoginTest
10:13:43.561 [main] INFO  testCases.TC_002_LoginTest - Set Password
10:13:43.650 [main] INFO  testCases.TC_002_LoginTest - Clicked on Login Button
